C:\Users\AbrahamLIPACALABILLA\source\repos\Diagnostico\src\Services\Identity\Identity.Api\Controllers\DefaultController.cs
Index 2
Index -1

C:\Users\AbrahamLIPACALABILLA\source\repos\Diagnostico\src\Services\Identity\Identity.Api\Controllers\IdentityController.cs
Create 1
Create -1
Authentication 2
Authentication -1

C:\Users\AbrahamLIPACALABILLA\source\repos\Diagnostico\src\Services\Identity\Identity.Api\Controllers\UsuarioController.cs
GetAll 1
GetAll -1
Get 2
Get -1

C:\Users\AbrahamLIPACALABILLA\source\repos\Diagnostico\src\Services\Identity\Identity.Api\Program.cs
Main 2
Main -1
CreateHostBuilder 1
CreateHostBuilder -1

C:\Users\AbrahamLIPACALABILLA\source\repos\Diagnostico\src\Services\Identity\Identity.Api\Startup.cs
ConfigureServices 2
ConfigureServices -1
Configure 2
Configure -1

C:\Users\AbrahamLIPACALABILLA\source\repos\Diagnostico\src\Services\Identity\Identity.Api\obj\Debug\netcoreapp3.1\.NETCoreApp,Version=v3.1.AssemblyAttributes.cs

C:\Users\AbrahamLIPACALABILLA\source\repos\Diagnostico\src\Services\Identity\Identity.Api\obj\Debug\netcoreapp3.1\Identity.Api.AssemblyInfo.cs

