C:\Users\AbrahamLIPACALABILLA\source\repos\Diagnostico\src\Common\Common.Logging\SysLogger.cs
CreateLogger 3
CreateLogger -1
Dispose 2
Dispose -1
BeginScope 2
BeginScope -1
IsEnabled 1
IsEnabled -1
Log 5
Log -1
Send 2
Send -1
MapToSyslogLevel 4
MapToSyslogLevel -1
Dispose 2
Dispose -1
AddSyslog 16
AddSyslog -1

C:\Users\AbrahamLIPACALABILLA\source\repos\Diagnostico\src\Common\Common.Logging\obj\Debug\netcoreapp3.1\.NETCoreApp,Version=v3.1.AssemblyAttributes.cs

C:\Users\AbrahamLIPACALABILLA\source\repos\Diagnostico\src\Common\Common.Logging\obj\Debug\netcoreapp3.1\Common.Logging.AssemblyInfo.cs

