C:\Users\AbrahamLIPACALABILLA\source\repos\Diagnostico\src\Services\Clientes\Clientes.Persistence.Database\ApplicationDbContext.cs
OnModelCreating 2
OnModelCreating -1
ModelConfig 2
ModelConfig -1

C:\Users\AbrahamLIPACALABILLA\source\repos\Diagnostico\src\Services\Clientes\Clientes.Persistence.Database\Configuration\PacienteConfiguration.cs
Configure 33
Configure -1

C:\Users\AbrahamLIPACALABILLA\source\repos\Diagnostico\src\Services\Clientes\Clientes.Persistence.Database\Migrations\20201219122946_Inicializar.cs
Up 1
Up -1
Down 2
Down -1

C:\Users\AbrahamLIPACALABILLA\source\repos\Diagnostico\src\Services\Clientes\Clientes.Persistence.Database\Migrations\20201219122946_Inicializar.Designer.cs
BuildTargetModel 1
BuildTargetModel -1

C:\Users\AbrahamLIPACALABILLA\source\repos\Diagnostico\src\Services\Clientes\Clientes.Persistence.Database\Migrations\ApplicationDbContextModelSnapshot.cs
BuildModel 1
BuildModel -1

C:\Users\AbrahamLIPACALABILLA\source\repos\Diagnostico\src\Services\Clientes\Clientes.Persistence.Database\obj\Debug\netcoreapp3.1\.NETCoreApp,Version=v3.1.AssemblyAttributes.cs

C:\Users\AbrahamLIPACALABILLA\source\repos\Diagnostico\src\Services\Clientes\Clientes.Persistence.Database\obj\Debug\netcoreapp3.1\Clientes.Persistence.Database.AssemblyInfo.cs

