C:\Users\AbrahamLIPACALABILLA\source\repos\Diagnostico\src\Services\Clientes\Clientes.Api\Controllers\DefaultController.cs
Index 4
Index -1

C:\Users\AbrahamLIPACALABILLA\source\repos\Diagnostico\src\Services\Clientes\Clientes.Api\Controllers\PacienteController.cs
GetAll 2
GetAll -1
Get 1
Get -1
Create 3
Create -1
UpdateContactInfo 2
UpdateContactInfo -1

C:\Users\AbrahamLIPACALABILLA\source\repos\Diagnostico\src\Services\Clientes\Clientes.Api\Program.cs
Main 2
Main -1
CreateHostBuilder 8
CreateHostBuilder -1

C:\Users\AbrahamLIPACALABILLA\source\repos\Diagnostico\src\Services\Clientes\Clientes.Api\Startup.cs
ConfigureServices 4
ConfigureServices -1
Configure 2
Configure -1

C:\Users\AbrahamLIPACALABILLA\source\repos\Diagnostico\src\Services\Clientes\Clientes.Api\obj\Debug\netcoreapp3.1\.NETCoreApp,Version=v3.1.AssemblyAttributes.cs

C:\Users\AbrahamLIPACALABILLA\source\repos\Diagnostico\src\Services\Clientes\Clientes.Api\obj\Debug\netcoreapp3.1\Clientes.Api.AssemblyInfo.cs

