C:\Users\AbrahamLIPACALABILLA\source\repos\Diagnostico\src\Services\Personal\Personal.Api\Controllers\DefaultController.cs
Index 2
Index -1

C:\Users\AbrahamLIPACALABILLA\source\repos\Diagnostico\src\Services\Personal\Personal.Api\Controllers\EmpleadoController.cs
GetAll 1
GetAll -1
Get 16
Get -1
Create 1
Create -1
UpdateActivo 2
UpdateActivo -1

C:\Users\AbrahamLIPACALABILLA\source\repos\Diagnostico\src\Services\Personal\Personal.Api\Program.cs
Main 2
Main -1
CreateHostBuilder 2
CreateHostBuilder -1

C:\Users\AbrahamLIPACALABILLA\source\repos\Diagnostico\src\Services\Personal\Personal.Api\Startup.cs
ConfigureServices 2
ConfigureServices -1
Configure 2
Configure -1

C:\Users\AbrahamLIPACALABILLA\source\repos\Diagnostico\src\Services\Personal\Personal.Api\obj\Debug\netcoreapp3.1\.NETCoreApp,Version=v3.1.AssemblyAttributes.cs

C:\Users\AbrahamLIPACALABILLA\source\repos\Diagnostico\src\Services\Personal\Personal.Api\obj\Debug\netcoreapp3.1\Personal.Api.AssemblyInfo.cs

