Product projects
---------------------------------------
C:\Users\AbrahamLIPACALABILLA\source\repos\Diagnostico\src\Services\Common\Services.Common.Collection\Services.Common.Collection.csproj
C:\Users\AbrahamLIPACALABILLA\source\repos\Diagnostico\src\Services\Common\Services.Common.Mapping\Services.Common.Mapping.csproj
C:\Users\AbrahamLIPACALABILLA\source\repos\Diagnostico\src\Services\Diagnosticos\Diagnosticos.Persistence.Database\Diagnosticos.Persistence.Database.csproj
C:\Users\AbrahamLIPACALABILLA\source\repos\Diagnostico\src\Services\Clientes\Clientes.Persistence.Database\Clientes.Persistence.Database.csproj
C:\Users\AbrahamLIPACALABILLA\source\repos\Diagnostico\src\Services\Personal\Personal.Service.EventHandlers\Personal.Service.EventHandlers.csproj
C:\Users\AbrahamLIPACALABILLA\source\repos\Diagnostico\src\Services\Identity\Identity.Persistence.Database\Identity.Persistence.Database.csproj
C:\Users\AbrahamLIPACALABILLA\source\repos\Diagnostico\src\Services\Clientes\Clientes.Service.EventHandlers\Clientes.Service.EventHandlers.csproj
C:\Users\AbrahamLIPACALABILLA\source\repos\Diagnostico\src\Services\Personal\Personal.Service.Queries\Personal.Service.Queries.csproj
C:\Users\AbrahamLIPACALABILLA\source\repos\Diagnostico\src\Services\Clientes\Clientes.Service.Queries\Clientes.Service.Queries.csproj
C:\Users\AbrahamLIPACALABILLA\source\repos\Diagnostico\src\Services\Identity\Identity.Service.EventHandlers\Identity.Service.EventHandlers.csproj
C:\Users\AbrahamLIPACALABILLA\source\repos\Diagnostico\src\Services\Clientes\Clientes.Api\Clientes.Api.csproj
C:\Users\AbrahamLIPACALABILLA\source\repos\Diagnostico\src\Services\Identity\Identity.Service.Queries\Identity.Service.Queries.csproj
C:\Users\AbrahamLIPACALABILLA\source\repos\Diagnostico\src\Services\Personal\Personal.Domain\Personal.Domain.csproj
C:\Users\AbrahamLIPACALABILLA\source\repos\Diagnostico\src\Services\Diagnosticos\Diagnosticos.Service.EventHandlers\Diagnosticos.Service.EventHandlers.csproj
C:\Users\AbrahamLIPACALABILLA\source\repos\Diagnostico\src\Services\Diagnosticos\Diagnosticos.Service.Queries\Diagnosticos.Service.Queries.csproj
C:\Users\AbrahamLIPACALABILLA\source\repos\Diagnostico\src\Services\Personal\Personal.Api\Personal.Api.csproj
C:\Users\AbrahamLIPACALABILLA\source\repos\Diagnostico\src\Services\Diagnosticos\Diagnosticos.Api\Diagnosticos.Api.csproj
C:\Users\AbrahamLIPACALABILLA\source\repos\Diagnostico\src\Services\Identity\Identity.Api\Identity.Api.csproj
C:\Users\AbrahamLIPACALABILLA\source\repos\Diagnostico\src\Common\Common.Logging\Common.Logging.csproj
C:\Users\AbrahamLIPACALABILLA\source\repos\Diagnostico\src\Services\Clientes\Clientes.Common\Clientes.Common.csproj
C:\Users\AbrahamLIPACALABILLA\source\repos\Diagnostico\src\Services\Common\Services.Common.Paging\Services.Common.Paging.csproj
C:\Users\AbrahamLIPACALABILLA\source\repos\Diagnostico\src\Services\Diagnosticos\Diagnosticos.Domain\Diagnosticos.Domain.csproj
C:\Users\AbrahamLIPACALABILLA\source\repos\Diagnostico\src\Services\Clientes\Clientes.Domain\Clientes.Domain.csproj
C:\Users\AbrahamLIPACALABILLA\source\repos\Diagnostico\src\Services\Personal\Personal.Persistence.Database\Personal.Persistence.Database.csproj
C:\Users\AbrahamLIPACALABILLA\source\repos\Diagnostico\src\Services\Identity\Identity.Domain\Identity.Domain.csproj


Test projects
---------------------------------------
C:\Users\AbrahamLIPACALABILLA\source\repos\Diagnostico\src\Services\Diagnosticos\Diagnosticos.Tests\Diagnosticos.Tests.csproj


Invalid projects
---------------------------------------
{none}


Skipped projects
---------------------------------------
{none}


Excluded projects
---------------------------------------
{none}


